<?xml version="1.0" encoding="UTF-8"?>
<!-- Generated by org.testng.reporters.JUnitReportReporter -->
<testsuite hostname="APPWRK21" failures="0" tests="1" name="AppwrkWebsite.Linktest.TestLinks" time="332.128" errors="0" timestamp="2021-09-14T17:28:12 IST" skipped="0">
  <testcase classname="AppwrkWebsite.Linktest.TestLinks" name="testlink" time="332.128"/>
  <system-out/>
</testsuite> <!-- AppwrkWebsite.Linktest.TestLinks -->
